<?xml version="1.0" encoding="UTF-8"?>
<!-- Generated by org.testng.reporters.JUnitReportReporter -->
<testsuite hostname="DESKTOP-309CVLP" failures="0" tests="2" name="qaclickacademy.Selenium3Test" time="0.006" errors="0" timestamp="2020-03-17T12:27:35 IST" skipped="0">
  <testcase classname="qaclickacademy.Selenium3Test" name="demo5" time="0.006"/>
  <testcase classname="qaclickacademy.Selenium3Test" name="demo6" time="0.000"/>
</testsuite> <!-- qaclickacademy.Selenium3Test -->
