<?xml version="1.0" encoding="UTF-8"?>
<!-- Generated by org.testng.reporters.JUnitReportReporter -->
<testsuite hostname="DESKTOP-309CVLP" failures="0" tests="2" name="qaclickacademy.Selenium2Test" time="0.000" errors="0" timestamp="2020-03-17T12:27:02 IST" skipped="0">
  <testcase classname="qaclickacademy.Selenium2Test" name="demo3" time="0.000"/>
  <testcase classname="qaclickacademy.Selenium2Test" name="demo4" time="0.000"/>
</testsuite> <!-- qaclickacademy.Selenium2Test -->
