<?xml version="1.0" encoding="UTF-8"?>
<!-- Generated by org.testng.reporters.JUnitReportReporter -->
<testsuite hostname="DESKTOP-309CVLP" failures="0" tests="2" name="qaclickacademy.SeleniumTest" time="0.005" errors="0" timestamp="2020-03-17T12:27:02 IST" skipped="0">
  <testcase classname="qaclickacademy.SeleniumTest" name="demo2" time="0.000"/>
  <testcase classname="qaclickacademy.SeleniumTest" name="demo1" time="0.005"/>
</testsuite> <!-- qaclickacademy.SeleniumTest -->
